\BOOKMARK [0][-]{chapter.1}{引言}{}% 1
\BOOKMARK [1][-]{section.1.1}{研究背景及意义}{chapter.1}% 2
\BOOKMARK [2][-]{subsection.1.1.1}{研究背景}{section.1.1}% 3
\BOOKMARK [2][-]{subsection.1.1.2}{研究意义}{section.1.1}% 4
\BOOKMARK [1][-]{section.1.2}{国内外研究现状}{chapter.1}% 5
\BOOKMARK [2][-]{subsection.1.2.1}{国外研究现状}{section.1.2}% 6
\BOOKMARK [2][-]{subsection.1.2.2}{国内研究现状}{section.1.2}% 7
\BOOKMARK [1][-]{section.1.3}{本文研究内容}{chapter.1}% 8
\BOOKMARK [1][-]{section.1.4}{论文组织结构}{chapter.1}% 9
\BOOKMARK [0][-]{chapter.2}{}{}% 10
\BOOKMARK [1][-]{section.2.1}{}{chapter.2}% 11
\BOOKMARK [2][-]{subsection.2.1.1}{}{section.2.1}% 12
\BOOKMARK [0][-]{chapter.3}{基于情感词典的情感分析}{}% 13
\BOOKMARK [1][-]{section.3.1}{情感词典构建}{chapter.3}% 14
\BOOKMARK [2][-]{subsection.3.1.1}{基础情感词典构建}{section.3.1}% 15
\BOOKMARK [2][-]{subsection.3.1.2}{基础情感词典的扩展}{section.3.1}% 16
\BOOKMARK [1][-]{section.3.2}{基于情感词典的情感分析过程}{chapter.3}% 17
\BOOKMARK [1][-]{section.3.3}{实验结果与分析}{chapter.3}% 18
\BOOKMARK [1][-]{section.3.4}{本章小结}{chapter.3}% 19
\BOOKMARK [0][-]{chapter.4}{基于机器学习的情感分析}{}% 20
\BOOKMARK [0][-]{chapter*.14}{结论}{}% 21
\BOOKMARK [0][-]{chapter*.15}{参考文献}{}% 22
\BOOKMARK [0][-]{chapter*.16}{致谢}{}% 23
